<?xml version="1.0" encoding="UTF-8"?>
<!-- Generated by org.testng.reporters.JUnitXMLReporter -->
<testsuite hostname="DESKTOP-0J70AHP" ignored="0" name="Test2" tests="5" failures="0" timestamp="05 Feb 2022 09:39:54 GMT" time="48.588" errors="0">
  <testcase name="Login" time="24.015" classname="Test.homepageTest"/>
  <testcase name="Checkboxsearch" time="1.729" classname="Test.homepageTest"/>
  <testcase name="verifyDateDisplayedInHomePage" time="0.13" classname="Test.homepageTest"/>
  <testcase name="verifylogo" time="0.557" classname="Test.homepageTest"/>
  <testcase name="currenturl" time="0.016" classname="Test.homepageTest"/>
</testsuite> <!-- Test2 -->
