<?xml version="1.0" encoding="UTF-8"?>
<!-- Generated by org.testng.reporters.JUnitXMLReporter -->
<testsuite hostname="DESKTOP-0J70AHP" ignored="0" name="Test1" tests="5" failures="0" timestamp="05 Feb 2022 09:39:06 GMT" time="34.609" errors="0">
  <testcase name="Login" time="19.903" classname="Test.homepageTest"/>
  <testcase name="Checkboxsearch" time="1.141" classname="Test.homepageTest"/>
  <testcase name="verifyDateDisplayedInHomePage" time="0.217" classname="Test.homepageTest"/>
  <testcase name="verifylogo" time="1.364" classname="Test.homepageTest"/>
  <testcase name="currenturl" time="0.062" classname="Test.homepageTest"/>
</testsuite> <!-- Test1 -->
